[2023-04-13 11:35:14] production.ERROR: the requested check is invalid {"process":"[permissions][lead]","0":"c184167","function":"check","file":"LeadPermissions.php","line":57,"path":"/var/www/html/GROWCRM/GROWCRM/application/app/Permissions/LeadPermissions.php","check":"particiate"} 
[2023-04-13 11:35:30] production.ERROR: the requested check is invalid {"process":"[permissions][lead]","0":"da5da23","function":"check","file":"LeadPermissions.php","line":57,"path":"/var/www/html/GROWCRM/GROWCRM/application/app/Permissions/LeadPermissions.php","check":"particiate"} 
[2023-04-13 11:35:38] production.ERROR: the requested check is invalid {"process":"[permissions][lead]","0":"fe49ab2","function":"check","file":"LeadPermissions.php","line":57,"path":"/var/www/html/GROWCRM/GROWCRM/application/app/Permissions/LeadPermissions.php","check":"particiate"} 
[2023-04-13 11:35:46] production.ERROR: the requested check is invalid {"process":"[permissions][lead]","0":"21d52d0","function":"check","file":"LeadPermissions.php","line":57,"path":"/var/www/html/GROWCRM/GROWCRM/application/app/Permissions/LeadPermissions.php","check":"particiate"} 
[2023-04-13 11:35:47] production.ERROR: the requested check is invalid {"process":"[permissions][lead]","0":"ba061e8","function":"check","file":"LeadPermissions.php","line":57,"path":"/var/www/html/GROWCRM/GROWCRM/application/app/Permissions/LeadPermissions.php","check":"particiate"} 
[2023-04-13 11:44:05] production.ERROR: purchase license key not provided {"process":"[updates]","0":"b356f03","function":"checkUpdates","file":"Updates.php","line":107,"path":"/var/www/html/GROWCRM/GROWCRM/application/app/Http/Controllers/Settings/Updates.php"} 
[2023-04-13 11:44:14] production.ERROR: purchase license key not provided {"process":"[updates]","0":"a25aee5","function":"checkUpdates","file":"Updates.php","line":107,"path":"/var/www/html/GROWCRM/GROWCRM/application/app/Http/Controllers/Settings/Updates.php"} 
[2023-04-13 11:44:52] production.ERROR: purchase license key not provided {"process":"[updates]","0":"2f57fc3","function":"checkUpdates","file":"Updates.php","line":107,"path":"/var/www/html/GROWCRM/GROWCRM/application/app/Http/Controllers/Settings/Updates.php"} 
[2023-04-13 11:53:50] production.ERROR: the requested check is invalid {"process":"[permissions][lead]","0":"e2e7af7","function":"check","file":"LeadPermissions.php","line":57,"path":"/var/www/html/GROWCRM/GROWCRM/application/app/Permissions/LeadPermissions.php","check":"particiate"} 
[2023-04-13 11:55:03] production.ERROR: the requested check is invalid {"process":"[permissions][lead]","0":"06ed814","function":"check","file":"LeadPermissions.php","line":57,"path":"/var/www/html/GROWCRM/GROWCRM/application/app/Permissions/LeadPermissions.php","check":"particiate"} 
[2023-04-17 09:12:56] production.ERROR: Class 'ZipArchive' not found {"userId":1,"exception":"[object] (Error(code: 0): Class 'ZipArchive' not found at /var/www/html/GROWCRM/GROWCRM/application/vendor/phpoffice/phpspreadsheet/src/PhpSpreadsheet/Shared/File.php:63)
[stacktrace]
#0 /var/www/html/GROWCRM/GROWCRM/application/vendor/phpoffice/phpspreadsheet/src/PhpSpreadsheet/Shared/File.php(158): PhpOffice\\PhpSpreadsheet\\Shared\\File::fileExists()
#1 /var/www/html/GROWCRM/GROWCRM/application/vendor/phpoffice/phpspreadsheet/src/PhpSpreadsheet/Reader/Xlsx.php(389): PhpOffice\\PhpSpreadsheet\\Shared\\File::assertFile()
#2 /var/www/html/GROWCRM/GROWCRM/application/vendor/maatwebsite/excel/src/Reader.php(270): PhpOffice\\PhpSpreadsheet\\Reader\\Xlsx->load()
#3 /var/www/html/GROWCRM/GROWCRM/application/vendor/maatwebsite/excel/src/Reader.php(256): Maatwebsite\\Excel\\Reader->readSpreadsheet()
#4 /var/www/html/GROWCRM/GROWCRM/application/vendor/maatwebsite/excel/src/Reader.php(109): Maatwebsite\\Excel\\Reader->loadSpreadsheet()
#5 /var/www/html/GROWCRM/GROWCRM/application/vendor/maatwebsite/excel/src/Excel.php(146): Maatwebsite\\Excel\\Reader->read()
#6 /var/www/html/GROWCRM/GROWCRM/application/vendor/maatwebsite/excel/src/Concerns/Importable.php(39): Maatwebsite\\Excel\\Excel->import()
#7 /var/www/html/GROWCRM/GROWCRM/application/app/Http/Controllers/Import/Clients.php(93): App\\Imports\\ClientsImport->import()
#8 /var/www/html/GROWCRM/GROWCRM/application/vendor/laravel/framework/src/Illuminate/Routing/Controller.php(54): App\\Http\\Controllers\\Import\\Clients->store()
#9 /var/www/html/GROWCRM/GROWCRM/application/vendor/laravel/framework/src/Illuminate/Routing/ControllerDispatcher.php(45): Illuminate\\Routing\\Controller->callAction()
#10 /var/www/html/GROWCRM/GROWCRM/application/vendor/laravel/framework/src/Illuminate/Routing/Route.php(262): Illuminate\\Routing\\ControllerDispatcher->dispatch()
#11 /var/www/html/GROWCRM/GROWCRM/application/vendor/laravel/framework/src/Illuminate/Routing/Route.php(205): Illuminate\\Routing\\Route->runController()
#12 /var/www/html/GROWCRM/GROWCRM/application/vendor/laravel/framework/src/Illuminate/Routing/Router.php(721): Illuminate\\Routing\\Route->run()
#13 /var/www/html/GROWCRM/GROWCRM/application/vendor/laravel/framework/src/Illuminate/Pipeline/Pipeline.php(128): Illuminate\\Routing\\Router->Illuminate\\Routing\\{closure}()
#14 /var/www/html/GROWCRM/GROWCRM/application/app/Http/Middleware/Modules/Menus.php(34): Illuminate\\Pipeline\\Pipeline->Illuminate\\Pipeline\\{closure}()
#15 /var/www/html/GROWCRM/GROWCRM/application/vendor/laravel/framework/src/Illuminate/Pipeline/Pipeline.php(167): App\\Http\\Middleware\\Modules\\Menus->handle()
#16 /var/www/html/GROWCRM/GROWCRM/application/app/Http/Middleware/Modules/Visibility.php(53): Illuminate\\Pipeline\\Pipeline->Illuminate\\Pipeline\\{closure}()
#17 /var/www/html/GROWCRM/GROWCRM/application/vendor/laravel/framework/src/Illuminate/Pipeline/Pipeline.php(167): App\\Http\\Middleware\\Modules\\Visibility->handle()
#18 /var/www/html/GROWCRM/GROWCRM/application/app/Http/Middleware/Modules/Status.php(58): Illuminate\\Pipeline\\Pipeline->Illuminate\\Pipeline\\{closure}()
#19 /var/www/html/GROWCRM/GROWCRM/application/vendor/laravel/framework/src/Illuminate/Pipeline/Pipeline.php(167): App\\Http\\Middleware\\Modules\\Status->handle()
#20 /var/www/html/GROWCRM/GROWCRM/application/app/Http/Middleware/General/General.php(103): Illuminate\\Pipeline\\Pipeline->Illuminate\\Pipeline\\{closure}()
#21 /var/www/html/GROWCRM/GROWCRM/application/vendor/laravel/framework/src/Illuminate/Pipeline/Pipeline.php(167): App\\Http\\Middleware\\General\\General->handle()
#22 /var/www/html/GROWCRM/GROWCRM/application/app/Http/Middleware/General/SanityCheck.php(45): Illuminate\\Pipeline\\Pipeline->Illuminate\\Pipeline\\{closure}()
#23 /var/www/html/GROWCRM/GROWCRM/application/vendor/laravel/framework/src/Illuminate/Pipeline/Pipeline.php(167): App\\Http\\Middleware\\General\\SanityCheck->handle()
#24 /var/www/html/GROWCRM/GROWCRM/application/app/Http/Middleware/General/Settings.php(47): Illuminate\\Pipeline\\Pipeline->Illuminate\\Pipeline\\{closure}()
#25 /var/www/html/GROWCRM/GROWCRM/application/vendor/laravel/framework/src/Illuminate/Pipeline/Pipeline.php(167): App\\Http\\Middleware\\General\\Settings->handle()
#26 /var/www/html/GROWCRM/GROWCRM/application/vendor/laravel/framework/src/Illuminate/Routing/Middleware/SubstituteBindings.php(50): Illuminate\\Pipeline\\Pipeline->Illuminate\\Pipeline\\{closure}()
#27 /var/www/html/GROWCRM/GROWCRM/application/vendor/laravel/framework/src/Illuminate/Pipeline/Pipeline.php(167): Illuminate\\Routing\\Middleware\\SubstituteBindings->handle()
#28 /var/www/html/GROWCRM/GROWCRM/application/vendor/laravel/framework/src/Illuminate/Auth/Middleware/Authenticate.php(44): Illuminate\\Pipeline\\Pipeline->Illuminate\\Pipeline\\{closure}()
#29 /var/www/html/GROWCRM/GROWCRM/application/vendor/laravel/framework/src/Illuminate/Pipeline/Pipeline.php(167): Illuminate\\Auth\\Middleware\\Authenticate->handle()
#30 /var/www/html/GROWCRM/GROWCRM/application/vendor/laravel/framework/src/Illuminate/Foundation/Http/Middleware/VerifyCsrfToken.php(78): Illuminate\\Pipeline\\Pipeline->Illuminate\\Pipeline\\{closure}()
#31 /var/www/html/GROWCRM/GROWCRM/application/vendor/laravel/framework/src/Illuminate/Pipeline/Pipeline.php(167): Illuminate\\Foundation\\Http\\Middleware\\VerifyCsrfToken->handle()
#32 /var/www/html/GROWCRM/GROWCRM/application/vendor/laravel/framework/src/Illuminate/View/Middleware/ShareErrorsFromSession.php(49): Illuminate\\Pipeline\\Pipeline->Illuminate\\Pipeline\\{closure}()
#33 /var/www/html/GROWCRM/GROWCRM/application/vendor/laravel/framework/src/Illuminate/Pipeline/Pipeline.php(167): Illuminate\\View\\Middleware\\ShareErrorsFromSession->handle()
#34 /var/www/html/GROWCRM/GROWCRM/application/vendor/laravel/framework/src/Illuminate/Session/Middleware/StartSession.php(121): Illuminate\\Pipeline\\Pipeline->Illuminate\\Pipeline\\{closure}()
#35 /var/www/html/GROWCRM/GROWCRM/application/vendor/laravel/framework/src/Illuminate/Session/Middleware/StartSession.php(64): Illuminate\\Session\\Middleware\\StartSession->handleStatefulRequest()
#36 /var/www/html/GROWCRM/GROWCRM/application/vendor/laravel/framework/src/Illuminate/Pipeline/Pipeline.php(167): Illuminate\\Session\\Middleware\\StartSession->handle()
#37 /var/www/html/GROWCRM/GROWCRM/application/vendor/laravel/framework/src/Illuminate/Cookie/Middleware/AddQueuedCookiesToResponse.php(37): Illuminate\\Pipeline\\Pipeline->Illuminate\\Pipeline\\{closure}()
#38 /var/www/html/GROWCRM/GROWCRM/application/vendor/laravel/framework/src/Illuminate/Pipeline/Pipeline.php(167): Illuminate\\Cookie\\Middleware\\AddQueuedCookiesToResponse->handle()
#39 /var/www/html/GROWCRM/GROWCRM/application/vendor/laravel/framework/src/Illuminate/Cookie/Middleware/EncryptCookies.php(67): Illuminate\\Pipeline\\Pipeline->Illuminate\\Pipeline\\{closure}()
#40 /var/www/html/GROWCRM/GROWCRM/application/vendor/laravel/framework/src/Illuminate/Pipeline/Pipeline.php(167): Illuminate\\Cookie\\Middleware\\EncryptCookies->handle()
#41 /var/www/html/GROWCRM/GROWCRM/application/app/Http/Middleware/General/Setup.php(37): Illuminate\\Pipeline\\Pipeline->Illuminate\\Pipeline\\{closure}()
#42 /var/www/html/GROWCRM/GROWCRM/application/vendor/laravel/framework/src/Illuminate/Pipeline/Pipeline.php(167): App\\Http\\Middleware\\General\\Setup->handle()
#43 /var/www/html/GROWCRM/GROWCRM/application/vendor/laravel/framework/src/Illuminate/Pipeline/Pipeline.php(103): Illuminate\\Pipeline\\Pipeline->Illuminate\\Pipeline\\{closure}()
#44 /var/www/html/GROWCRM/GROWCRM/application/vendor/laravel/framework/src/Illuminate/Routing/Router.php(723): Illuminate\\Pipeline\\Pipeline->then()
#45 /var/www/html/GROWCRM/GROWCRM/application/vendor/laravel/framework/src/Illuminate/Routing/Router.php(698): Illuminate\\Routing\\Router->runRouteWithinStack()
#46 /var/www/html/GROWCRM/GROWCRM/application/vendor/laravel/framework/src/Illuminate/Routing/Router.php(662): Illuminate\\Routing\\Router->runRoute()
#47 /var/www/html/GROWCRM/GROWCRM/application/vendor/laravel/framework/src/Illuminate/Routing/Router.php(651): Illuminate\\Routing\\Router->dispatchToRoute()
#48 /var/www/html/GROWCRM/GROWCRM/application/vendor/laravel/framework/src/Illuminate/Foundation/Http/Kernel.php(167): Illuminate\\Routing\\Router->dispatch()
#49 /var/www/html/GROWCRM/GROWCRM/application/vendor/laravel/framework/src/Illuminate/Pipeline/Pipeline.php(128): Illuminate\\Foundation\\Http\\Kernel->Illuminate\\Foundation\\Http\\{closure}()
#50 /var/www/html/GROWCRM/GROWCRM/application/vendor/barryvdh/laravel-debugbar/src/Middleware/InjectDebugbar.php(60): Illuminate\\Pipeline\\Pipeline->Illuminate\\Pipeline\\{closure}()
#51 /var/www/html/GROWCRM/GROWCRM/application/vendor/laravel/framework/src/Illuminate/Pipeline/Pipeline.php(167): Barryvdh\\Debugbar\\Middleware\\InjectDebugbar->handle()
#52 /var/www/html/GROWCRM/GROWCRM/application/vendor/fideloper/proxy/src/TrustProxies.php(57): Illuminate\\Pipeline\\Pipeline->Illuminate\\Pipeline\\{closure}()
#53 /var/www/html/GROWCRM/GROWCRM/application/vendor/laravel/framework/src/Illuminate/Pipeline/Pipeline.php(167): Fideloper\\Proxy\\TrustProxies->handle()
#54 /var/www/html/GROWCRM/GROWCRM/application/vendor/laravel/framework/src/Illuminate/Foundation/Http/Middleware/TransformsRequest.php(21): Illuminate\\Pipeline\\Pipeline->Illuminate\\Pipeline\\{closure}()
#55 /var/www/html/GROWCRM/GROWCRM/application/vendor/laravel/framework/src/Illuminate/Foundation/Http/Middleware/ConvertEmptyStringsToNull.php(31): Illuminate\\Foundation\\Http\\Middleware\\TransformsRequest->handle()
#56 /var/www/html/GROWCRM/GROWCRM/application/vendor/laravel/framework/src/Illuminate/Pipeline/Pipeline.php(167): Illuminate\\Foundation\\Http\\Middleware\\ConvertEmptyStringsToNull->handle()
#57 /var/www/html/GROWCRM/GROWCRM/application/vendor/laravel/framework/src/Illuminate/Foundation/Http/Middleware/TransformsRequest.php(21): Illuminate\\Pipeline\\Pipeline->Illuminate\\Pipeline\\{closure}()
#58 /var/www/html/GROWCRM/GROWCRM/application/vendor/laravel/framework/src/Illuminate/Foundation/Http/Middleware/TrimStrings.php(40): Illuminate\\Foundation\\Http\\Middleware\\TransformsRequest->handle()
#59 /var/www/html/GROWCRM/GROWCRM/application/vendor/laravel/framework/src/Illuminate/Pipeline/Pipeline.php(167): Illuminate\\Foundation\\Http\\Middleware\\TrimStrings->handle()
#60 /var/www/html/GROWCRM/GROWCRM/application/vendor/laravel/framework/src/Illuminate/Foundation/Http/Middleware/ValidatePostSize.php(27): Illuminate\\Pipeline\\Pipeline->Illuminate\\Pipeline\\{closure}()
#61 /var/www/html/GROWCRM/GROWCRM/application/vendor/laravel/framework/src/Illuminate/Pipeline/Pipeline.php(167): Illuminate\\Foundation\\Http\\Middleware\\ValidatePostSize->handle()
#62 /var/www/html/GROWCRM/GROWCRM/application/vendor/laravel/framework/src/Illuminate/Foundation/Http/Middleware/PreventRequestsDuringMaintenance.php(86): Illuminate\\Pipeline\\Pipeline->Illuminate\\Pipeline\\{closure}()
#63 /var/www/html/GROWCRM/GROWCRM/application/vendor/laravel/framework/src/Illuminate/Pipeline/Pipeline.php(167): Illuminate\\Foundation\\Http\\Middleware\\PreventRequestsDuringMaintenance->handle()
#64 /var/www/html/GROWCRM/GROWCRM/application/vendor/laravel/framework/src/Illuminate/Pipeline/Pipeline.php(103): Illuminate\\Pipeline\\Pipeline->Illuminate\\Pipeline\\{closure}()
#65 /var/www/html/GROWCRM/GROWCRM/application/vendor/laravel/framework/src/Illuminate/Foundation/Http/Kernel.php(142): Illuminate\\Pipeline\\Pipeline->then()
#66 /var/www/html/GROWCRM/GROWCRM/application/vendor/laravel/framework/src/Illuminate/Foundation/Http/Kernel.php(111): Illuminate\\Foundation\\Http\\Kernel->sendRequestThroughRouter()
#67 /var/www/html/GROWCRM/GROWCRM/index.php(92): Illuminate\\Foundation\\Http\\Kernel->handle()
#68 {main}
"} 
[2023-04-17 09:13:06] production.ERROR: Class 'ZipArchive' not found {"userId":1,"exception":"[object] (Error(code: 0): Class 'ZipArchive' not found at /var/www/html/GROWCRM/GROWCRM/application/vendor/phpoffice/phpspreadsheet/src/PhpSpreadsheet/Shared/File.php:63)
[stacktrace]
#0 /var/www/html/GROWCRM/GROWCRM/application/vendor/phpoffice/phpspreadsheet/src/PhpSpreadsheet/Shared/File.php(158): PhpOffice\\PhpSpreadsheet\\Shared\\File::fileExists()
#1 /var/www/html/GROWCRM/GROWCRM/application/vendor/phpoffice/phpspreadsheet/src/PhpSpreadsheet/Reader/Xlsx.php(389): PhpOffice\\PhpSpreadsheet\\Shared\\File::assertFile()
#2 /var/www/html/GROWCRM/GROWCRM/application/vendor/maatwebsite/excel/src/Reader.php(270): PhpOffice\\PhpSpreadsheet\\Reader\\Xlsx->load()
#3 /var/www/html/GROWCRM/GROWCRM/application/vendor/maatwebsite/excel/src/Reader.php(256): Maatwebsite\\Excel\\Reader->readSpreadsheet()
#4 /var/www/html/GROWCRM/GROWCRM/application/vendor/maatwebsite/excel/src/Reader.php(109): Maatwebsite\\Excel\\Reader->loadSpreadsheet()
#5 /var/www/html/GROWCRM/GROWCRM/application/vendor/maatwebsite/excel/src/Excel.php(146): Maatwebsite\\Excel\\Reader->read()
#6 /var/www/html/GROWCRM/GROWCRM/application/vendor/maatwebsite/excel/src/Concerns/Importable.php(39): Maatwebsite\\Excel\\Excel->import()
#7 /var/www/html/GROWCRM/GROWCRM/application/app/Http/Controllers/Import/Clients.php(93): App\\Imports\\ClientsImport->import()
#8 /var/www/html/GROWCRM/GROWCRM/application/vendor/laravel/framework/src/Illuminate/Routing/Controller.php(54): App\\Http\\Controllers\\Import\\Clients->store()
#9 /var/www/html/GROWCRM/GROWCRM/application/vendor/laravel/framework/src/Illuminate/Routing/ControllerDispatcher.php(45): Illuminate\\Routing\\Controller->callAction()
#10 /var/www/html/GROWCRM/GROWCRM/application/vendor/laravel/framework/src/Illuminate/Routing/Route.php(262): Illuminate\\Routing\\ControllerDispatcher->dispatch()
#11 /var/www/html/GROWCRM/GROWCRM/application/vendor/laravel/framework/src/Illuminate/Routing/Route.php(205): Illuminate\\Routing\\Route->runController()
#12 /var/www/html/GROWCRM/GROWCRM/application/vendor/laravel/framework/src/Illuminate/Routing/Router.php(721): Illuminate\\Routing\\Route->run()
#13 /var/www/html/GROWCRM/GROWCRM/application/vendor/laravel/framework/src/Illuminate/Pipeline/Pipeline.php(128): Illuminate\\Routing\\Router->Illuminate\\Routing\\{closure}()
#14 /var/www/html/GROWCRM/GROWCRM/application/app/Http/Middleware/Modules/Menus.php(34): Illuminate\\Pipeline\\Pipeline->Illuminate\\Pipeline\\{closure}()
#15 /var/www/html/GROWCRM/GROWCRM/application/vendor/laravel/framework/src/Illuminate/Pipeline/Pipeline.php(167): App\\Http\\Middleware\\Modules\\Menus->handle()
#16 /var/www/html/GROWCRM/GROWCRM/application/app/Http/Middleware/Modules/Visibility.php(53): Illuminate\\Pipeline\\Pipeline->Illuminate\\Pipeline\\{closure}()
#17 /var/www/html/GROWCRM/GROWCRM/application/vendor/laravel/framework/src/Illuminate/Pipeline/Pipeline.php(167): App\\Http\\Middleware\\Modules\\Visibility->handle()
#18 /var/www/html/GROWCRM/GROWCRM/application/app/Http/Middleware/Modules/Status.php(58): Illuminate\\Pipeline\\Pipeline->Illuminate\\Pipeline\\{closure}()
#19 /var/www/html/GROWCRM/GROWCRM/application/vendor/laravel/framework/src/Illuminate/Pipeline/Pipeline.php(167): App\\Http\\Middleware\\Modules\\Status->handle()
#20 /var/www/html/GROWCRM/GROWCRM/application/app/Http/Middleware/General/General.php(103): Illuminate\\Pipeline\\Pipeline->Illuminate\\Pipeline\\{closure}()
#21 /var/www/html/GROWCRM/GROWCRM/application/vendor/laravel/framework/src/Illuminate/Pipeline/Pipeline.php(167): App\\Http\\Middleware\\General\\General->handle()
#22 /var/www/html/GROWCRM/GROWCRM/application/app/Http/Middleware/General/SanityCheck.php(45): Illuminate\\Pipeline\\Pipeline->Illuminate\\Pipeline\\{closure}()
#23 /var/www/html/GROWCRM/GROWCRM/application/vendor/laravel/framework/src/Illuminate/Pipeline/Pipeline.php(167): App\\Http\\Middleware\\General\\SanityCheck->handle()
#24 /var/www/html/GROWCRM/GROWCRM/application/app/Http/Middleware/General/Settings.php(47): Illuminate\\Pipeline\\Pipeline->Illuminate\\Pipeline\\{closure}()
#25 /var/www/html/GROWCRM/GROWCRM/application/vendor/laravel/framework/src/Illuminate/Pipeline/Pipeline.php(167): App\\Http\\Middleware\\General\\Settings->handle()
#26 /var/www/html/GROWCRM/GROWCRM/application/vendor/laravel/framework/src/Illuminate/Routing/Middleware/SubstituteBindings.php(50): Illuminate\\Pipeline\\Pipeline->Illuminate\\Pipeline\\{closure}()
#27 /var/www/html/GROWCRM/GROWCRM/application/vendor/laravel/framework/src/Illuminate/Pipeline/Pipeline.php(167): Illuminate\\Routing\\Middleware\\SubstituteBindings->handle()
#28 /var/www/html/GROWCRM/GROWCRM/application/vendor/laravel/framework/src/Illuminate/Auth/Middleware/Authenticate.php(44): Illuminate\\Pipeline\\Pipeline->Illuminate\\Pipeline\\{closure}()
#29 /var/www/html/GROWCRM/GROWCRM/application/vendor/laravel/framework/src/Illuminate/Pipeline/Pipeline.php(167): Illuminate\\Auth\\Middleware\\Authenticate->handle()
#30 /var/www/html/GROWCRM/GROWCRM/application/vendor/laravel/framework/src/Illuminate/Foundation/Http/Middleware/VerifyCsrfToken.php(78): Illuminate\\Pipeline\\Pipeline->Illuminate\\Pipeline\\{closure}()
#31 /var/www/html/GROWCRM/GROWCRM/application/vendor/laravel/framework/src/Illuminate/Pipeline/Pipeline.php(167): Illuminate\\Foundation\\Http\\Middleware\\VerifyCsrfToken->handle()
#32 /var/www/html/GROWCRM/GROWCRM/application/vendor/laravel/framework/src/Illuminate/View/Middleware/ShareErrorsFromSession.php(49): Illuminate\\Pipeline\\Pipeline->Illuminate\\Pipeline\\{closure}()
#33 /var/www/html/GROWCRM/GROWCRM/application/vendor/laravel/framework/src/Illuminate/Pipeline/Pipeline.php(167): Illuminate\\View\\Middleware\\ShareErrorsFromSession->handle()
#34 /var/www/html/GROWCRM/GROWCRM/application/vendor/laravel/framework/src/Illuminate/Session/Middleware/StartSession.php(121): Illuminate\\Pipeline\\Pipeline->Illuminate\\Pipeline\\{closure}()
#35 /var/www/html/GROWCRM/GROWCRM/application/vendor/laravel/framework/src/Illuminate/Session/Middleware/StartSession.php(64): Illuminate\\Session\\Middleware\\StartSession->handleStatefulRequest()
#36 /var/www/html/GROWCRM/GROWCRM/application/vendor/laravel/framework/src/Illuminate/Pipeline/Pipeline.php(167): Illuminate\\Session\\Middleware\\StartSession->handle()
#37 /var/www/html/GROWCRM/GROWCRM/application/vendor/laravel/framework/src/Illuminate/Cookie/Middleware/AddQueuedCookiesToResponse.php(37): Illuminate\\Pipeline\\Pipeline->Illuminate\\Pipeline\\{closure}()
#38 /var/www/html/GROWCRM/GROWCRM/application/vendor/laravel/framework/src/Illuminate/Pipeline/Pipeline.php(167): Illuminate\\Cookie\\Middleware\\AddQueuedCookiesToResponse->handle()
#39 /var/www/html/GROWCRM/GROWCRM/application/vendor/laravel/framework/src/Illuminate/Cookie/Middleware/EncryptCookies.php(67): Illuminate\\Pipeline\\Pipeline->Illuminate\\Pipeline\\{closure}()
#40 /var/www/html/GROWCRM/GROWCRM/application/vendor/laravel/framework/src/Illuminate/Pipeline/Pipeline.php(167): Illuminate\\Cookie\\Middleware\\EncryptCookies->handle()
#41 /var/www/html/GROWCRM/GROWCRM/application/app/Http/Middleware/General/Setup.php(37): Illuminate\\Pipeline\\Pipeline->Illuminate\\Pipeline\\{closure}()
#42 /var/www/html/GROWCRM/GROWCRM/application/vendor/laravel/framework/src/Illuminate/Pipeline/Pipeline.php(167): App\\Http\\Middleware\\General\\Setup->handle()
#43 /var/www/html/GROWCRM/GROWCRM/application/vendor/laravel/framework/src/Illuminate/Pipeline/Pipeline.php(103): Illuminate\\Pipeline\\Pipeline->Illuminate\\Pipeline\\{closure}()
#44 /var/www/html/GROWCRM/GROWCRM/application/vendor/laravel/framework/src/Illuminate/Routing/Router.php(723): Illuminate\\Pipeline\\Pipeline->then()
#45 /var/www/html/GROWCRM/GROWCRM/application/vendor/laravel/framework/src/Illuminate/Routing/Router.php(698): Illuminate\\Routing\\Router->runRouteWithinStack()
#46 /var/www/html/GROWCRM/GROWCRM/application/vendor/laravel/framework/src/Illuminate/Routing/Router.php(662): Illuminate\\Routing\\Router->runRoute()
#47 /var/www/html/GROWCRM/GROWCRM/application/vendor/laravel/framework/src/Illuminate/Routing/Router.php(651): Illuminate\\Routing\\Router->dispatchToRoute()
#48 /var/www/html/GROWCRM/GROWCRM/application/vendor/laravel/framework/src/Illuminate/Foundation/Http/Kernel.php(167): Illuminate\\Routing\\Router->dispatch()
#49 /var/www/html/GROWCRM/GROWCRM/application/vendor/laravel/framework/src/Illuminate/Pipeline/Pipeline.php(128): Illuminate\\Foundation\\Http\\Kernel->Illuminate\\Foundation\\Http\\{closure}()
#50 /var/www/html/GROWCRM/GROWCRM/application/vendor/barryvdh/laravel-debugbar/src/Middleware/InjectDebugbar.php(60): Illuminate\\Pipeline\\Pipeline->Illuminate\\Pipeline\\{closure}()
#51 /var/www/html/GROWCRM/GROWCRM/application/vendor/laravel/framework/src/Illuminate/Pipeline/Pipeline.php(167): Barryvdh\\Debugbar\\Middleware\\InjectDebugbar->handle()
#52 /var/www/html/GROWCRM/GROWCRM/application/vendor/fideloper/proxy/src/TrustProxies.php(57): Illuminate\\Pipeline\\Pipeline->Illuminate\\Pipeline\\{closure}()
#53 /var/www/html/GROWCRM/GROWCRM/application/vendor/laravel/framework/src/Illuminate/Pipeline/Pipeline.php(167): Fideloper\\Proxy\\TrustProxies->handle()
#54 /var/www/html/GROWCRM/GROWCRM/application/vendor/laravel/framework/src/Illuminate/Foundation/Http/Middleware/TransformsRequest.php(21): Illuminate\\Pipeline\\Pipeline->Illuminate\\Pipeline\\{closure}()
#55 /var/www/html/GROWCRM/GROWCRM/application/vendor/laravel/framework/src/Illuminate/Foundation/Http/Middleware/ConvertEmptyStringsToNull.php(31): Illuminate\\Foundation\\Http\\Middleware\\TransformsRequest->handle()
#56 /var/www/html/GROWCRM/GROWCRM/application/vendor/laravel/framework/src/Illuminate/Pipeline/Pipeline.php(167): Illuminate\\Foundation\\Http\\Middleware\\ConvertEmptyStringsToNull->handle()
#57 /var/www/html/GROWCRM/GROWCRM/application/vendor/laravel/framework/src/Illuminate/Foundation/Http/Middleware/TransformsRequest.php(21): Illuminate\\Pipeline\\Pipeline->Illuminate\\Pipeline\\{closure}()
#58 /var/www/html/GROWCRM/GROWCRM/application/vendor/laravel/framework/src/Illuminate/Foundation/Http/Middleware/TrimStrings.php(40): Illuminate\\Foundation\\Http\\Middleware\\TransformsRequest->handle()
#59 /var/www/html/GROWCRM/GROWCRM/application/vendor/laravel/framework/src/Illuminate/Pipeline/Pipeline.php(167): Illuminate\\Foundation\\Http\\Middleware\\TrimStrings->handle()
#60 /var/www/html/GROWCRM/GROWCRM/application/vendor/laravel/framework/src/Illuminate/Foundation/Http/Middleware/ValidatePostSize.php(27): Illuminate\\Pipeline\\Pipeline->Illuminate\\Pipeline\\{closure}()
#61 /var/www/html/GROWCRM/GROWCRM/application/vendor/laravel/framework/src/Illuminate/Pipeline/Pipeline.php(167): Illuminate\\Foundation\\Http\\Middleware\\ValidatePostSize->handle()
#62 /var/www/html/GROWCRM/GROWCRM/application/vendor/laravel/framework/src/Illuminate/Foundation/Http/Middleware/PreventRequestsDuringMaintenance.php(86): Illuminate\\Pipeline\\Pipeline->Illuminate\\Pipeline\\{closure}()
#63 /var/www/html/GROWCRM/GROWCRM/application/vendor/laravel/framework/src/Illuminate/Pipeline/Pipeline.php(167): Illuminate\\Foundation\\Http\\Middleware\\PreventRequestsDuringMaintenance->handle()
#64 /var/www/html/GROWCRM/GROWCRM/application/vendor/laravel/framework/src/Illuminate/Pipeline/Pipeline.php(103): Illuminate\\Pipeline\\Pipeline->Illuminate\\Pipeline\\{closure}()
#65 /var/www/html/GROWCRM/GROWCRM/application/vendor/laravel/framework/src/Illuminate/Foundation/Http/Kernel.php(142): Illuminate\\Pipeline\\Pipeline->then()
#66 /var/www/html/GROWCRM/GROWCRM/application/vendor/laravel/framework/src/Illuminate/Foundation/Http/Kernel.php(111): Illuminate\\Foundation\\Http\\Kernel->sendRequestThroughRouter()
#67 /var/www/html/GROWCRM/GROWCRM/index.php(92): Illuminate\\Foundation\\Http\\Kernel->handle()
#68 {main}
"} 
[2023-04-17 09:13:08] production.ERROR: Class 'ZipArchive' not found {"userId":1,"exception":"[object] (Error(code: 0): Class 'ZipArchive' not found at /var/www/html/GROWCRM/GROWCRM/application/vendor/phpoffice/phpspreadsheet/src/PhpSpreadsheet/Shared/File.php:63)
[stacktrace]
#0 /var/www/html/GROWCRM/GROWCRM/application/vendor/phpoffice/phpspreadsheet/src/PhpSpreadsheet/Shared/File.php(158): PhpOffice\\PhpSpreadsheet\\Shared\\File::fileExists()
#1 /var/www/html/GROWCRM/GROWCRM/application/vendor/phpoffice/phpspreadsheet/src/PhpSpreadsheet/Reader/Xlsx.php(389): PhpOffice\\PhpSpreadsheet\\Shared\\File::assertFile()
#2 /var/www/html/GROWCRM/GROWCRM/application/vendor/maatwebsite/excel/src/Reader.php(270): PhpOffice\\PhpSpreadsheet\\Reader\\Xlsx->load()
#3 /var/www/html/GROWCRM/GROWCRM/application/vendor/maatwebsite/excel/src/Reader.php(256): Maatwebsite\\Excel\\Reader->readSpreadsheet()
#4 /var/www/html/GROWCRM/GROWCRM/application/vendor/maatwebsite/excel/src/Reader.php(109): Maatwebsite\\Excel\\Reader->loadSpreadsheet()
#5 /var/www/html/GROWCRM/GROWCRM/application/vendor/maatwebsite/excel/src/Excel.php(146): Maatwebsite\\Excel\\Reader->read()
#6 /var/www/html/GROWCRM/GROWCRM/application/vendor/maatwebsite/excel/src/Concerns/Importable.php(39): Maatwebsite\\Excel\\Excel->import()
#7 /var/www/html/GROWCRM/GROWCRM/application/app/Http/Controllers/Import/Clients.php(93): App\\Imports\\ClientsImport->import()
#8 /var/www/html/GROWCRM/GROWCRM/application/vendor/laravel/framework/src/Illuminate/Routing/Controller.php(54): App\\Http\\Controllers\\Import\\Clients->store()
#9 /var/www/html/GROWCRM/GROWCRM/application/vendor/laravel/framework/src/Illuminate/Routing/ControllerDispatcher.php(45): Illuminate\\Routing\\Controller->callAction()
#10 /var/www/html/GROWCRM/GROWCRM/application/vendor/laravel/framework/src/Illuminate/Routing/Route.php(262): Illuminate\\Routing\\ControllerDispatcher->dispatch()
#11 /var/www/html/GROWCRM/GROWCRM/application/vendor/laravel/framework/src/Illuminate/Routing/Route.php(205): Illuminate\\Routing\\Route->runController()
#12 /var/www/html/GROWCRM/GROWCRM/application/vendor/laravel/framework/src/Illuminate/Routing/Router.php(721): Illuminate\\Routing\\Route->run()
#13 /var/www/html/GROWCRM/GROWCRM/application/vendor/laravel/framework/src/Illuminate/Pipeline/Pipeline.php(128): Illuminate\\Routing\\Router->Illuminate\\Routing\\{closure}()
#14 /var/www/html/GROWCRM/GROWCRM/application/app/Http/Middleware/Modules/Menus.php(34): Illuminate\\Pipeline\\Pipeline->Illuminate\\Pipeline\\{closure}()
#15 /var/www/html/GROWCRM/GROWCRM/application/vendor/laravel/framework/src/Illuminate/Pipeline/Pipeline.php(167): App\\Http\\Middleware\\Modules\\Menus->handle()
#16 /var/www/html/GROWCRM/GROWCRM/application/app/Http/Middleware/Modules/Visibility.php(53): Illuminate\\Pipeline\\Pipeline->Illuminate\\Pipeline\\{closure}()
#17 /var/www/html/GROWCRM/GROWCRM/application/vendor/laravel/framework/src/Illuminate/Pipeline/Pipeline.php(167): App\\Http\\Middleware\\Modules\\Visibility->handle()
#18 /var/www/html/GROWCRM/GROWCRM/application/app/Http/Middleware/Modules/Status.php(58): Illuminate\\Pipeline\\Pipeline->Illuminate\\Pipeline\\{closure}()
#19 /var/www/html/GROWCRM/GROWCRM/application/vendor/laravel/framework/src/Illuminate/Pipeline/Pipeline.php(167): App\\Http\\Middleware\\Modules\\Status->handle()
#20 /var/www/html/GROWCRM/GROWCRM/application/app/Http/Middleware/General/General.php(103): Illuminate\\Pipeline\\Pipeline->Illuminate\\Pipeline\\{closure}()
#21 /var/www/html/GROWCRM/GROWCRM/application/vendor/laravel/framework/src/Illuminate/Pipeline/Pipeline.php(167): App\\Http\\Middleware\\General\\General->handle()
#22 /var/www/html/GROWCRM/GROWCRM/application/app/Http/Middleware/General/SanityCheck.php(45): Illuminate\\Pipeline\\Pipeline->Illuminate\\Pipeline\\{closure}()
#23 /var/www/html/GROWCRM/GROWCRM/application/vendor/laravel/framework/src/Illuminate/Pipeline/Pipeline.php(167): App\\Http\\Middleware\\General\\SanityCheck->handle()
#24 /var/www/html/GROWCRM/GROWCRM/application/app/Http/Middleware/General/Settings.php(47): Illuminate\\Pipeline\\Pipeline->Illuminate\\Pipeline\\{closure}()
#25 /var/www/html/GROWCRM/GROWCRM/application/vendor/laravel/framework/src/Illuminate/Pipeline/Pipeline.php(167): App\\Http\\Middleware\\General\\Settings->handle()
#26 /var/www/html/GROWCRM/GROWCRM/application/vendor/laravel/framework/src/Illuminate/Routing/Middleware/SubstituteBindings.php(50): Illuminate\\Pipeline\\Pipeline->Illuminate\\Pipeline\\{closure}()
#27 /var/www/html/GROWCRM/GROWCRM/application/vendor/laravel/framework/src/Illuminate/Pipeline/Pipeline.php(167): Illuminate\\Routing\\Middleware\\SubstituteBindings->handle()
#28 /var/www/html/GROWCRM/GROWCRM/application/vendor/laravel/framework/src/Illuminate/Auth/Middleware/Authenticate.php(44): Illuminate\\Pipeline\\Pipeline->Illuminate\\Pipeline\\{closure}()
#29 /var/www/html/GROWCRM/GROWCRM/application/vendor/laravel/framework/src/Illuminate/Pipeline/Pipeline.php(167): Illuminate\\Auth\\Middleware\\Authenticate->handle()
#30 /var/www/html/GROWCRM/GROWCRM/application/vendor/laravel/framework/src/Illuminate/Foundation/Http/Middleware/VerifyCsrfToken.php(78): Illuminate\\Pipeline\\Pipeline->Illuminate\\Pipeline\\{closure}()
#31 /var/www/html/GROWCRM/GROWCRM/application/vendor/laravel/framework/src/Illuminate/Pipeline/Pipeline.php(167): Illuminate\\Foundation\\Http\\Middleware\\VerifyCsrfToken->handle()
#32 /var/www/html/GROWCRM/GROWCRM/application/vendor/laravel/framework/src/Illuminate/View/Middleware/ShareErrorsFromSession.php(49): Illuminate\\Pipeline\\Pipeline->Illuminate\\Pipeline\\{closure}()
#33 /var/www/html/GROWCRM/GROWCRM/application/vendor/laravel/framework/src/Illuminate/Pipeline/Pipeline.php(167): Illuminate\\View\\Middleware\\ShareErrorsFromSession->handle()
#34 /var/www/html/GROWCRM/GROWCRM/application/vendor/laravel/framework/src/Illuminate/Session/Middleware/StartSession.php(121): Illuminate\\Pipeline\\Pipeline->Illuminate\\Pipeline\\{closure}()
#35 /var/www/html/GROWCRM/GROWCRM/application/vendor/laravel/framework/src/Illuminate/Session/Middleware/StartSession.php(64): Illuminate\\Session\\Middleware\\StartSession->handleStatefulRequest()
#36 /var/www/html/GROWCRM/GROWCRM/application/vendor/laravel/framework/src/Illuminate/Pipeline/Pipeline.php(167): Illuminate\\Session\\Middleware\\StartSession->handle()
#37 /var/www/html/GROWCRM/GROWCRM/application/vendor/laravel/framework/src/Illuminate/Cookie/Middleware/AddQueuedCookiesToResponse.php(37): Illuminate\\Pipeline\\Pipeline->Illuminate\\Pipeline\\{closure}()
#38 /var/www/html/GROWCRM/GROWCRM/application/vendor/laravel/framework/src/Illuminate/Pipeline/Pipeline.php(167): Illuminate\\Cookie\\Middleware\\AddQueuedCookiesToResponse->handle()
#39 /var/www/html/GROWCRM/GROWCRM/application/vendor/laravel/framework/src/Illuminate/Cookie/Middleware/EncryptCookies.php(67): Illuminate\\Pipeline\\Pipeline->Illuminate\\Pipeline\\{closure}()
#40 /var/www/html/GROWCRM/GROWCRM/application/vendor/laravel/framework/src/Illuminate/Pipeline/Pipeline.php(167): Illuminate\\Cookie\\Middleware\\EncryptCookies->handle()
#41 /var/www/html/GROWCRM/GROWCRM/application/app/Http/Middleware/General/Setup.php(37): Illuminate\\Pipeline\\Pipeline->Illuminate\\Pipeline\\{closure}()
#42 /var/www/html/GROWCRM/GROWCRM/application/vendor/laravel/framework/src/Illuminate/Pipeline/Pipeline.php(167): App\\Http\\Middleware\\General\\Setup->handle()
#43 /var/www/html/GROWCRM/GROWCRM/application/vendor/laravel/framework/src/Illuminate/Pipeline/Pipeline.php(103): Illuminate\\Pipeline\\Pipeline->Illuminate\\Pipeline\\{closure}()
#44 /var/www/html/GROWCRM/GROWCRM/application/vendor/laravel/framework/src/Illuminate/Routing/Router.php(723): Illuminate\\Pipeline\\Pipeline->then()
#45 /var/www/html/GROWCRM/GROWCRM/application/vendor/laravel/framework/src/Illuminate/Routing/Router.php(698): Illuminate\\Routing\\Router->runRouteWithinStack()
#46 /var/www/html/GROWCRM/GROWCRM/application/vendor/laravel/framework/src/Illuminate/Routing/Router.php(662): Illuminate\\Routing\\Router->runRoute()
#47 /var/www/html/GROWCRM/GROWCRM/application/vendor/laravel/framework/src/Illuminate/Routing/Router.php(651): Illuminate\\Routing\\Router->dispatchToRoute()
#48 /var/www/html/GROWCRM/GROWCRM/application/vendor/laravel/framework/src/Illuminate/Foundation/Http/Kernel.php(167): Illuminate\\Routing\\Router->dispatch()
#49 /var/www/html/GROWCRM/GROWCRM/application/vendor/laravel/framework/src/Illuminate/Pipeline/Pipeline.php(128): Illuminate\\Foundation\\Http\\Kernel->Illuminate\\Foundation\\Http\\{closure}()
#50 /var/www/html/GROWCRM/GROWCRM/application/vendor/barryvdh/laravel-debugbar/src/Middleware/InjectDebugbar.php(60): Illuminate\\Pipeline\\Pipeline->Illuminate\\Pipeline\\{closure}()
#51 /var/www/html/GROWCRM/GROWCRM/application/vendor/laravel/framework/src/Illuminate/Pipeline/Pipeline.php(167): Barryvdh\\Debugbar\\Middleware\\InjectDebugbar->handle()
#52 /var/www/html/GROWCRM/GROWCRM/application/vendor/fideloper/proxy/src/TrustProxies.php(57): Illuminate\\Pipeline\\Pipeline->Illuminate\\Pipeline\\{closure}()
#53 /var/www/html/GROWCRM/GROWCRM/application/vendor/laravel/framework/src/Illuminate/Pipeline/Pipeline.php(167): Fideloper\\Proxy\\TrustProxies->handle()
#54 /var/www/html/GROWCRM/GROWCRM/application/vendor/laravel/framework/src/Illuminate/Foundation/Http/Middleware/TransformsRequest.php(21): Illuminate\\Pipeline\\Pipeline->Illuminate\\Pipeline\\{closure}()
#55 /var/www/html/GROWCRM/GROWCRM/application/vendor/laravel/framework/src/Illuminate/Foundation/Http/Middleware/ConvertEmptyStringsToNull.php(31): Illuminate\\Foundation\\Http\\Middleware\\TransformsRequest->handle()
#56 /var/www/html/GROWCRM/GROWCRM/application/vendor/laravel/framework/src/Illuminate/Pipeline/Pipeline.php(167): Illuminate\\Foundation\\Http\\Middleware\\ConvertEmptyStringsToNull->handle()
#57 /var/www/html/GROWCRM/GROWCRM/application/vendor/laravel/framework/src/Illuminate/Foundation/Http/Middleware/TransformsRequest.php(21): Illuminate\\Pipeline\\Pipeline->Illuminate\\Pipeline\\{closure}()
#58 /var/www/html/GROWCRM/GROWCRM/application/vendor/laravel/framework/src/Illuminate/Foundation/Http/Middleware/TrimStrings.php(40): Illuminate\\Foundation\\Http\\Middleware\\TransformsRequest->handle()
#59 /var/www/html/GROWCRM/GROWCRM/application/vendor/laravel/framework/src/Illuminate/Pipeline/Pipeline.php(167): Illuminate\\Foundation\\Http\\Middleware\\TrimStrings->handle()
#60 /var/www/html/GROWCRM/GROWCRM/application/vendor/laravel/framework/src/Illuminate/Foundation/Http/Middleware/ValidatePostSize.php(27): Illuminate\\Pipeline\\Pipeline->Illuminate\\Pipeline\\{closure}()
#61 /var/www/html/GROWCRM/GROWCRM/application/vendor/laravel/framework/src/Illuminate/Pipeline/Pipeline.php(167): Illuminate\\Foundation\\Http\\Middleware\\ValidatePostSize->handle()
#62 /var/www/html/GROWCRM/GROWCRM/application/vendor/laravel/framework/src/Illuminate/Foundation/Http/Middleware/PreventRequestsDuringMaintenance.php(86): Illuminate\\Pipeline\\Pipeline->Illuminate\\Pipeline\\{closure}()
#63 /var/www/html/GROWCRM/GROWCRM/application/vendor/laravel/framework/src/Illuminate/Pipeline/Pipeline.php(167): Illuminate\\Foundation\\Http\\Middleware\\PreventRequestsDuringMaintenance->handle()
#64 /var/www/html/GROWCRM/GROWCRM/application/vendor/laravel/framework/src/Illuminate/Pipeline/Pipeline.php(103): Illuminate\\Pipeline\\Pipeline->Illuminate\\Pipeline\\{closure}()
#65 /var/www/html/GROWCRM/GROWCRM/application/vendor/laravel/framework/src/Illuminate/Foundation/Http/Kernel.php(142): Illuminate\\Pipeline\\Pipeline->then()
#66 /var/www/html/GROWCRM/GROWCRM/application/vendor/laravel/framework/src/Illuminate/Foundation/Http/Kernel.php(111): Illuminate\\Foundation\\Http\\Kernel->sendRequestThroughRouter()
#67 /var/www/html/GROWCRM/GROWCRM/index.php(92): Illuminate\\Foundation\\Http\\Kernel->handle()
#68 {main}
"} 
[2023-04-17 09:16:30] production.ERROR: Class 'ZipArchive' not found {"userId":1,"exception":"[object] (Error(code: 0): Class 'ZipArchive' not found at /var/www/html/GROWCRM/GROWCRM/application/vendor/phpoffice/phpspreadsheet/src/PhpSpreadsheet/Shared/File.php:63)
[stacktrace]
#0 /var/www/html/GROWCRM/GROWCRM/application/vendor/phpoffice/phpspreadsheet/src/PhpSpreadsheet/Shared/File.php(158): PhpOffice\\PhpSpreadsheet\\Shared\\File::fileExists()
#1 /var/www/html/GROWCRM/GROWCRM/application/vendor/phpoffice/phpspreadsheet/src/PhpSpreadsheet/Reader/Xlsx.php(389): PhpOffice\\PhpSpreadsheet\\Shared\\File::assertFile()
#2 /var/www/html/GROWCRM/GROWCRM/application/vendor/maatwebsite/excel/src/Reader.php(270): PhpOffice\\PhpSpreadsheet\\Reader\\Xlsx->load()
#3 /var/www/html/GROWCRM/GROWCRM/application/vendor/maatwebsite/excel/src/Reader.php(256): Maatwebsite\\Excel\\Reader->readSpreadsheet()
#4 /var/www/html/GROWCRM/GROWCRM/application/vendor/maatwebsite/excel/src/Reader.php(109): Maatwebsite\\Excel\\Reader->loadSpreadsheet()
#5 /var/www/html/GROWCRM/GROWCRM/application/vendor/maatwebsite/excel/src/Excel.php(146): Maatwebsite\\Excel\\Reader->read()
#6 /var/www/html/GROWCRM/GROWCRM/application/vendor/maatwebsite/excel/src/Concerns/Importable.php(39): Maatwebsite\\Excel\\Excel->import()
#7 /var/www/html/GROWCRM/GROWCRM/application/app/Http/Controllers/Import/Clients.php(93): App\\Imports\\ClientsImport->import()
#8 /var/www/html/GROWCRM/GROWCRM/application/vendor/laravel/framework/src/Illuminate/Routing/Controller.php(54): App\\Http\\Controllers\\Import\\Clients->store()
#9 /var/www/html/GROWCRM/GROWCRM/application/vendor/laravel/framework/src/Illuminate/Routing/ControllerDispatcher.php(45): Illuminate\\Routing\\Controller->callAction()
#10 /var/www/html/GROWCRM/GROWCRM/application/vendor/laravel/framework/src/Illuminate/Routing/Route.php(262): Illuminate\\Routing\\ControllerDispatcher->dispatch()
#11 /var/www/html/GROWCRM/GROWCRM/application/vendor/laravel/framework/src/Illuminate/Routing/Route.php(205): Illuminate\\Routing\\Route->runController()
#12 /var/www/html/GROWCRM/GROWCRM/application/vendor/laravel/framework/src/Illuminate/Routing/Router.php(721): Illuminate\\Routing\\Route->run()
#13 /var/www/html/GROWCRM/GROWCRM/application/vendor/laravel/framework/src/Illuminate/Pipeline/Pipeline.php(128): Illuminate\\Routing\\Router->Illuminate\\Routing\\{closure}()
#14 /var/www/html/GROWCRM/GROWCRM/application/app/Http/Middleware/Modules/Menus.php(34): Illuminate\\Pipeline\\Pipeline->Illuminate\\Pipeline\\{closure}()
#15 /var/www/html/GROWCRM/GROWCRM/application/vendor/laravel/framework/src/Illuminate/Pipeline/Pipeline.php(167): App\\Http\\Middleware\\Modules\\Menus->handle()
#16 /var/www/html/GROWCRM/GROWCRM/application/app/Http/Middleware/Modules/Visibility.php(53): Illuminate\\Pipeline\\Pipeline->Illuminate\\Pipeline\\{closure}()
#17 /var/www/html/GROWCRM/GROWCRM/application/vendor/laravel/framework/src/Illuminate/Pipeline/Pipeline.php(167): App\\Http\\Middleware\\Modules\\Visibility->handle()
#18 /var/www/html/GROWCRM/GROWCRM/application/app/Http/Middleware/Modules/Status.php(58): Illuminate\\Pipeline\\Pipeline->Illuminate\\Pipeline\\{closure}()
#19 /var/www/html/GROWCRM/GROWCRM/application/vendor/laravel/framework/src/Illuminate/Pipeline/Pipeline.php(167): App\\Http\\Middleware\\Modules\\Status->handle()
#20 /var/www/html/GROWCRM/GROWCRM/application/app/Http/Middleware/General/General.php(103): Illuminate\\Pipeline\\Pipeline->Illuminate\\Pipeline\\{closure}()
#21 /var/www/html/GROWCRM/GROWCRM/application/vendor/laravel/framework/src/Illuminate/Pipeline/Pipeline.php(167): App\\Http\\Middleware\\General\\General->handle()
#22 /var/www/html/GROWCRM/GROWCRM/application/app/Http/Middleware/General/SanityCheck.php(45): Illuminate\\Pipeline\\Pipeline->Illuminate\\Pipeline\\{closure}()
#23 /var/www/html/GROWCRM/GROWCRM/application/vendor/laravel/framework/src/Illuminate/Pipeline/Pipeline.php(167): App\\Http\\Middleware\\General\\SanityCheck->handle()
#24 /var/www/html/GROWCRM/GROWCRM/application/app/Http/Middleware/General/Settings.php(47): Illuminate\\Pipeline\\Pipeline->Illuminate\\Pipeline\\{closure}()
#25 /var/www/html/GROWCRM/GROWCRM/application/vendor/laravel/framework/src/Illuminate/Pipeline/Pipeline.php(167): App\\Http\\Middleware\\General\\Settings->handle()
#26 /var/www/html/GROWCRM/GROWCRM/application/vendor/laravel/framework/src/Illuminate/Routing/Middleware/SubstituteBindings.php(50): Illuminate\\Pipeline\\Pipeline->Illuminate\\Pipeline\\{closure}()
#27 /var/www/html/GROWCRM/GROWCRM/application/vendor/laravel/framework/src/Illuminate/Pipeline/Pipeline.php(167): Illuminate\\Routing\\Middleware\\SubstituteBindings->handle()
#28 /var/www/html/GROWCRM/GROWCRM/application/vendor/laravel/framework/src/Illuminate/Auth/Middleware/Authenticate.php(44): Illuminate\\Pipeline\\Pipeline->Illuminate\\Pipeline\\{closure}()
#29 /var/www/html/GROWCRM/GROWCRM/application/vendor/laravel/framework/src/Illuminate/Pipeline/Pipeline.php(167): Illuminate\\Auth\\Middleware\\Authenticate->handle()
#30 /var/www/html/GROWCRM/GROWCRM/application/vendor/laravel/framework/src/Illuminate/Foundation/Http/Middleware/VerifyCsrfToken.php(78): Illuminate\\Pipeline\\Pipeline->Illuminate\\Pipeline\\{closure}()
#31 /var/www/html/GROWCRM/GROWCRM/application/vendor/laravel/framework/src/Illuminate/Pipeline/Pipeline.php(167): Illuminate\\Foundation\\Http\\Middleware\\VerifyCsrfToken->handle()
#32 /var/www/html/GROWCRM/GROWCRM/application/vendor/laravel/framework/src/Illuminate/View/Middleware/ShareErrorsFromSession.php(49): Illuminate\\Pipeline\\Pipeline->Illuminate\\Pipeline\\{closure}()
#33 /var/www/html/GROWCRM/GROWCRM/application/vendor/laravel/framework/src/Illuminate/Pipeline/Pipeline.php(167): Illuminate\\View\\Middleware\\ShareErrorsFromSession->handle()
#34 /var/www/html/GROWCRM/GROWCRM/application/vendor/laravel/framework/src/Illuminate/Session/Middleware/StartSession.php(121): Illuminate\\Pipeline\\Pipeline->Illuminate\\Pipeline\\{closure}()
#35 /var/www/html/GROWCRM/GROWCRM/application/vendor/laravel/framework/src/Illuminate/Session/Middleware/StartSession.php(64): Illuminate\\Session\\Middleware\\StartSession->handleStatefulRequest()
#36 /var/www/html/GROWCRM/GROWCRM/application/vendor/laravel/framework/src/Illuminate/Pipeline/Pipeline.php(167): Illuminate\\Session\\Middleware\\StartSession->handle()
#37 /var/www/html/GROWCRM/GROWCRM/application/vendor/laravel/framework/src/Illuminate/Cookie/Middleware/AddQueuedCookiesToResponse.php(37): Illuminate\\Pipeline\\Pipeline->Illuminate\\Pipeline\\{closure}()
#38 /var/www/html/GROWCRM/GROWCRM/application/vendor/laravel/framework/src/Illuminate/Pipeline/Pipeline.php(167): Illuminate\\Cookie\\Middleware\\AddQueuedCookiesToResponse->handle()
#39 /var/www/html/GROWCRM/GROWCRM/application/vendor/laravel/framework/src/Illuminate/Cookie/Middleware/EncryptCookies.php(67): Illuminate\\Pipeline\\Pipeline->Illuminate\\Pipeline\\{closure}()
#40 /var/www/html/GROWCRM/GROWCRM/application/vendor/laravel/framework/src/Illuminate/Pipeline/Pipeline.php(167): Illuminate\\Cookie\\Middleware\\EncryptCookies->handle()
#41 /var/www/html/GROWCRM/GROWCRM/application/app/Http/Middleware/General/Setup.php(37): Illuminate\\Pipeline\\Pipeline->Illuminate\\Pipeline\\{closure}()
#42 /var/www/html/GROWCRM/GROWCRM/application/vendor/laravel/framework/src/Illuminate/Pipeline/Pipeline.php(167): App\\Http\\Middleware\\General\\Setup->handle()
#43 /var/www/html/GROWCRM/GROWCRM/application/vendor/laravel/framework/src/Illuminate/Pipeline/Pipeline.php(103): Illuminate\\Pipeline\\Pipeline->Illuminate\\Pipeline\\{closure}()
#44 /var/www/html/GROWCRM/GROWCRM/application/vendor/laravel/framework/src/Illuminate/Routing/Router.php(723): Illuminate\\Pipeline\\Pipeline->then()
#45 /var/www/html/GROWCRM/GROWCRM/application/vendor/laravel/framework/src/Illuminate/Routing/Router.php(698): Illuminate\\Routing\\Router->runRouteWithinStack()
#46 /var/www/html/GROWCRM/GROWCRM/application/vendor/laravel/framework/src/Illuminate/Routing/Router.php(662): Illuminate\\Routing\\Router->runRoute()
#47 /var/www/html/GROWCRM/GROWCRM/application/vendor/laravel/framework/src/Illuminate/Routing/Router.php(651): Illuminate\\Routing\\Router->dispatchToRoute()
#48 /var/www/html/GROWCRM/GROWCRM/application/vendor/laravel/framework/src/Illuminate/Foundation/Http/Kernel.php(167): Illuminate\\Routing\\Router->dispatch()
#49 /var/www/html/GROWCRM/GROWCRM/application/vendor/laravel/framework/src/Illuminate/Pipeline/Pipeline.php(128): Illuminate\\Foundation\\Http\\Kernel->Illuminate\\Foundation\\Http\\{closure}()
#50 /var/www/html/GROWCRM/GROWCRM/application/vendor/barryvdh/laravel-debugbar/src/Middleware/InjectDebugbar.php(60): Illuminate\\Pipeline\\Pipeline->Illuminate\\Pipeline\\{closure}()
#51 /var/www/html/GROWCRM/GROWCRM/application/vendor/laravel/framework/src/Illuminate/Pipeline/Pipeline.php(167): Barryvdh\\Debugbar\\Middleware\\InjectDebugbar->handle()
#52 /var/www/html/GROWCRM/GROWCRM/application/vendor/fideloper/proxy/src/TrustProxies.php(57): Illuminate\\Pipeline\\Pipeline->Illuminate\\Pipeline\\{closure}()
#53 /var/www/html/GROWCRM/GROWCRM/application/vendor/laravel/framework/src/Illuminate/Pipeline/Pipeline.php(167): Fideloper\\Proxy\\TrustProxies->handle()
#54 /var/www/html/GROWCRM/GROWCRM/application/vendor/laravel/framework/src/Illuminate/Foundation/Http/Middleware/TransformsRequest.php(21): Illuminate\\Pipeline\\Pipeline->Illuminate\\Pipeline\\{closure}()
#55 /var/www/html/GROWCRM/GROWCRM/application/vendor/laravel/framework/src/Illuminate/Foundation/Http/Middleware/ConvertEmptyStringsToNull.php(31): Illuminate\\Foundation\\Http\\Middleware\\TransformsRequest->handle()
#56 /var/www/html/GROWCRM/GROWCRM/application/vendor/laravel/framework/src/Illuminate/Pipeline/Pipeline.php(167): Illuminate\\Foundation\\Http\\Middleware\\ConvertEmptyStringsToNull->handle()
#57 /var/www/html/GROWCRM/GROWCRM/application/vendor/laravel/framework/src/Illuminate/Foundation/Http/Middleware/TransformsRequest.php(21): Illuminate\\Pipeline\\Pipeline->Illuminate\\Pipeline\\{closure}()
#58 /var/www/html/GROWCRM/GROWCRM/application/vendor/laravel/framework/src/Illuminate/Foundation/Http/Middleware/TrimStrings.php(40): Illuminate\\Foundation\\Http\\Middleware\\TransformsRequest->handle()
#59 /var/www/html/GROWCRM/GROWCRM/application/vendor/laravel/framework/src/Illuminate/Pipeline/Pipeline.php(167): Illuminate\\Foundation\\Http\\Middleware\\TrimStrings->handle()
#60 /var/www/html/GROWCRM/GROWCRM/application/vendor/laravel/framework/src/Illuminate/Foundation/Http/Middleware/ValidatePostSize.php(27): Illuminate\\Pipeline\\Pipeline->Illuminate\\Pipeline\\{closure}()
#61 /var/www/html/GROWCRM/GROWCRM/application/vendor/laravel/framework/src/Illuminate/Pipeline/Pipeline.php(167): Illuminate\\Foundation\\Http\\Middleware\\ValidatePostSize->handle()
#62 /var/www/html/GROWCRM/GROWCRM/application/vendor/laravel/framework/src/Illuminate/Foundation/Http/Middleware/PreventRequestsDuringMaintenance.php(86): Illuminate\\Pipeline\\Pipeline->Illuminate\\Pipeline\\{closure}()
#63 /var/www/html/GROWCRM/GROWCRM/application/vendor/laravel/framework/src/Illuminate/Pipeline/Pipeline.php(167): Illuminate\\Foundation\\Http\\Middleware\\PreventRequestsDuringMaintenance->handle()
#64 /var/www/html/GROWCRM/GROWCRM/application/vendor/laravel/framework/src/Illuminate/Pipeline/Pipeline.php(103): Illuminate\\Pipeline\\Pipeline->Illuminate\\Pipeline\\{closure}()
#65 /var/www/html/GROWCRM/GROWCRM/application/vendor/laravel/framework/src/Illuminate/Foundation/Http/Kernel.php(142): Illuminate\\Pipeline\\Pipeline->then()
#66 /var/www/html/GROWCRM/GROWCRM/application/vendor/laravel/framework/src/Illuminate/Foundation/Http/Kernel.php(111): Illuminate\\Foundation\\Http\\Kernel->sendRequestThroughRouter()
#67 /var/www/html/GROWCRM/GROWCRM/index.php(92): Illuminate\\Foundation\\Http\\Kernel->handle()
#68 {main}
"} 
[2023-04-17 09:16:39] production.ERROR: Class 'ZipArchive' not found {"userId":1,"exception":"[object] (Error(code: 0): Class 'ZipArchive' not found at /var/www/html/GROWCRM/GROWCRM/application/vendor/phpoffice/phpspreadsheet/src/PhpSpreadsheet/Shared/File.php:63)
[stacktrace]
#0 /var/www/html/GROWCRM/GROWCRM/application/vendor/phpoffice/phpspreadsheet/src/PhpSpreadsheet/Shared/File.php(158): PhpOffice\\PhpSpreadsheet\\Shared\\File::fileExists()
#1 /var/www/html/GROWCRM/GROWCRM/application/vendor/phpoffice/phpspreadsheet/src/PhpSpreadsheet/Reader/Xlsx.php(389): PhpOffice\\PhpSpreadsheet\\Shared\\File::assertFile()
#2 /var/www/html/GROWCRM/GROWCRM/application/vendor/maatwebsite/excel/src/Reader.php(270): PhpOffice\\PhpSpreadsheet\\Reader\\Xlsx->load()
#3 /var/www/html/GROWCRM/GROWCRM/application/vendor/maatwebsite/excel/src/Reader.php(256): Maatwebsite\\Excel\\Reader->readSpreadsheet()
#4 /var/www/html/GROWCRM/GROWCRM/application/vendor/maatwebsite/excel/src/Reader.php(109): Maatwebsite\\Excel\\Reader->loadSpreadsheet()
#5 /var/www/html/GROWCRM/GROWCRM/application/vendor/maatwebsite/excel/src/Excel.php(146): Maatwebsite\\Excel\\Reader->read()
#6 /var/www/html/GROWCRM/GROWCRM/application/vendor/maatwebsite/excel/src/Concerns/Importable.php(39): Maatwebsite\\Excel\\Excel->import()
#7 /var/www/html/GROWCRM/GROWCRM/application/app/Http/Controllers/Import/Clients.php(93): App\\Imports\\ClientsImport->import()
#8 /var/www/html/GROWCRM/GROWCRM/application/vendor/laravel/framework/src/Illuminate/Routing/Controller.php(54): App\\Http\\Controllers\\Import\\Clients->store()
#9 /var/www/html/GROWCRM/GROWCRM/application/vendor/laravel/framework/src/Illuminate/Routing/ControllerDispatcher.php(45): Illuminate\\Routing\\Controller->callAction()
#10 /var/www/html/GROWCRM/GROWCRM/application/vendor/laravel/framework/src/Illuminate/Routing/Route.php(262): Illuminate\\Routing\\ControllerDispatcher->dispatch()
#11 /var/www/html/GROWCRM/GROWCRM/application/vendor/laravel/framework/src/Illuminate/Routing/Route.php(205): Illuminate\\Routing\\Route->runController()
#12 /var/www/html/GROWCRM/GROWCRM/application/vendor/laravel/framework/src/Illuminate/Routing/Router.php(721): Illuminate\\Routing\\Route->run()
#13 /var/www/html/GROWCRM/GROWCRM/application/vendor/laravel/framework/src/Illuminate/Pipeline/Pipeline.php(128): Illuminate\\Routing\\Router->Illuminate\\Routing\\{closure}()
#14 /var/www/html/GROWCRM/GROWCRM/application/app/Http/Middleware/Modules/Menus.php(34): Illuminate\\Pipeline\\Pipeline->Illuminate\\Pipeline\\{closure}()
#15 /var/www/html/GROWCRM/GROWCRM/application/vendor/laravel/framework/src/Illuminate/Pipeline/Pipeline.php(167): App\\Http\\Middleware\\Modules\\Menus->handle()
#16 /var/www/html/GROWCRM/GROWCRM/application/app/Http/Middleware/Modules/Visibility.php(53): Illuminate\\Pipeline\\Pipeline->Illuminate\\Pipeline\\{closure}()
#17 /var/www/html/GROWCRM/GROWCRM/application/vendor/laravel/framework/src/Illuminate/Pipeline/Pipeline.php(167): App\\Http\\Middleware\\Modules\\Visibility->handle()
#18 /var/www/html/GROWCRM/GROWCRM/application/app/Http/Middleware/Modules/Status.php(58): Illuminate\\Pipeline\\Pipeline->Illuminate\\Pipeline\\{closure}()
#19 /var/www/html/GROWCRM/GROWCRM/application/vendor/laravel/framework/src/Illuminate/Pipeline/Pipeline.php(167): App\\Http\\Middleware\\Modules\\Status->handle()
#20 /var/www/html/GROWCRM/GROWCRM/application/app/Http/Middleware/General/General.php(103): Illuminate\\Pipeline\\Pipeline->Illuminate\\Pipeline\\{closure}()
#21 /var/www/html/GROWCRM/GROWCRM/application/vendor/laravel/framework/src/Illuminate/Pipeline/Pipeline.php(167): App\\Http\\Middleware\\General\\General->handle()
#22 /var/www/html/GROWCRM/GROWCRM/application/app/Http/Middleware/General/SanityCheck.php(45): Illuminate\\Pipeline\\Pipeline->Illuminate\\Pipeline\\{closure}()
#23 /var/www/html/GROWCRM/GROWCRM/application/vendor/laravel/framework/src/Illuminate/Pipeline/Pipeline.php(167): App\\Http\\Middleware\\General\\SanityCheck->handle()
#24 /var/www/html/GROWCRM/GROWCRM/application/app/Http/Middleware/General/Settings.php(47): Illuminate\\Pipeline\\Pipeline->Illuminate\\Pipeline\\{closure}()
#25 /var/www/html/GROWCRM/GROWCRM/application/vendor/laravel/framework/src/Illuminate/Pipeline/Pipeline.php(167): App\\Http\\Middleware\\General\\Settings->handle()
#26 /var/www/html/GROWCRM/GROWCRM/application/vendor/laravel/framework/src/Illuminate/Routing/Middleware/SubstituteBindings.php(50): Illuminate\\Pipeline\\Pipeline->Illuminate\\Pipeline\\{closure}()
#27 /var/www/html/GROWCRM/GROWCRM/application/vendor/laravel/framework/src/Illuminate/Pipeline/Pipeline.php(167): Illuminate\\Routing\\Middleware\\SubstituteBindings->handle()
#28 /var/www/html/GROWCRM/GROWCRM/application/vendor/laravel/framework/src/Illuminate/Auth/Middleware/Authenticate.php(44): Illuminate\\Pipeline\\Pipeline->Illuminate\\Pipeline\\{closure}()
#29 /var/www/html/GROWCRM/GROWCRM/application/vendor/laravel/framework/src/Illuminate/Pipeline/Pipeline.php(167): Illuminate\\Auth\\Middleware\\Authenticate->handle()
#30 /var/www/html/GROWCRM/GROWCRM/application/vendor/laravel/framework/src/Illuminate/Foundation/Http/Middleware/VerifyCsrfToken.php(78): Illuminate\\Pipeline\\Pipeline->Illuminate\\Pipeline\\{closure}()
#31 /var/www/html/GROWCRM/GROWCRM/application/vendor/laravel/framework/src/Illuminate/Pipeline/Pipeline.php(167): Illuminate\\Foundation\\Http\\Middleware\\VerifyCsrfToken->handle()
#32 /var/www/html/GROWCRM/GROWCRM/application/vendor/laravel/framework/src/Illuminate/View/Middleware/ShareErrorsFromSession.php(49): Illuminate\\Pipeline\\Pipeline->Illuminate\\Pipeline\\{closure}()
#33 /var/www/html/GROWCRM/GROWCRM/application/vendor/laravel/framework/src/Illuminate/Pipeline/Pipeline.php(167): Illuminate\\View\\Middleware\\ShareErrorsFromSession->handle()
#34 /var/www/html/GROWCRM/GROWCRM/application/vendor/laravel/framework/src/Illuminate/Session/Middleware/StartSession.php(121): Illuminate\\Pipeline\\Pipeline->Illuminate\\Pipeline\\{closure}()
#35 /var/www/html/GROWCRM/GROWCRM/application/vendor/laravel/framework/src/Illuminate/Session/Middleware/StartSession.php(64): Illuminate\\Session\\Middleware\\StartSession->handleStatefulRequest()
#36 /var/www/html/GROWCRM/GROWCRM/application/vendor/laravel/framework/src/Illuminate/Pipeline/Pipeline.php(167): Illuminate\\Session\\Middleware\\StartSession->handle()
#37 /var/www/html/GROWCRM/GROWCRM/application/vendor/laravel/framework/src/Illuminate/Cookie/Middleware/AddQueuedCookiesToResponse.php(37): Illuminate\\Pipeline\\Pipeline->Illuminate\\Pipeline\\{closure}()
#38 /var/www/html/GROWCRM/GROWCRM/application/vendor/laravel/framework/src/Illuminate/Pipeline/Pipeline.php(167): Illuminate\\Cookie\\Middleware\\AddQueuedCookiesToResponse->handle()
#39 /var/www/html/GROWCRM/GROWCRM/application/vendor/laravel/framework/src/Illuminate/Cookie/Middleware/EncryptCookies.php(67): Illuminate\\Pipeline\\Pipeline->Illuminate\\Pipeline\\{closure}()
#40 /var/www/html/GROWCRM/GROWCRM/application/vendor/laravel/framework/src/Illuminate/Pipeline/Pipeline.php(167): Illuminate\\Cookie\\Middleware\\EncryptCookies->handle()
#41 /var/www/html/GROWCRM/GROWCRM/application/app/Http/Middleware/General/Setup.php(37): Illuminate\\Pipeline\\Pipeline->Illuminate\\Pipeline\\{closure}()
#42 /var/www/html/GROWCRM/GROWCRM/application/vendor/laravel/framework/src/Illuminate/Pipeline/Pipeline.php(167): App\\Http\\Middleware\\General\\Setup->handle()
#43 /var/www/html/GROWCRM/GROWCRM/application/vendor/laravel/framework/src/Illuminate/Pipeline/Pipeline.php(103): Illuminate\\Pipeline\\Pipeline->Illuminate\\Pipeline\\{closure}()
#44 /var/www/html/GROWCRM/GROWCRM/application/vendor/laravel/framework/src/Illuminate/Routing/Router.php(723): Illuminate\\Pipeline\\Pipeline->then()
#45 /var/www/html/GROWCRM/GROWCRM/application/vendor/laravel/framework/src/Illuminate/Routing/Router.php(698): Illuminate\\Routing\\Router->runRouteWithinStack()
#46 /var/www/html/GROWCRM/GROWCRM/application/vendor/laravel/framework/src/Illuminate/Routing/Router.php(662): Illuminate\\Routing\\Router->runRoute()
#47 /var/www/html/GROWCRM/GROWCRM/application/vendor/laravel/framework/src/Illuminate/Routing/Router.php(651): Illuminate\\Routing\\Router->dispatchToRoute()
#48 /var/www/html/GROWCRM/GROWCRM/application/vendor/laravel/framework/src/Illuminate/Foundation/Http/Kernel.php(167): Illuminate\\Routing\\Router->dispatch()
#49 /var/www/html/GROWCRM/GROWCRM/application/vendor/laravel/framework/src/Illuminate/Pipeline/Pipeline.php(128): Illuminate\\Foundation\\Http\\Kernel->Illuminate\\Foundation\\Http\\{closure}()
#50 /var/www/html/GROWCRM/GROWCRM/application/vendor/barryvdh/laravel-debugbar/src/Middleware/InjectDebugbar.php(60): Illuminate\\Pipeline\\Pipeline->Illuminate\\Pipeline\\{closure}()
#51 /var/www/html/GROWCRM/GROWCRM/application/vendor/laravel/framework/src/Illuminate/Pipeline/Pipeline.php(167): Barryvdh\\Debugbar\\Middleware\\InjectDebugbar->handle()
#52 /var/www/html/GROWCRM/GROWCRM/application/vendor/fideloper/proxy/src/TrustProxies.php(57): Illuminate\\Pipeline\\Pipeline->Illuminate\\Pipeline\\{closure}()
#53 /var/www/html/GROWCRM/GROWCRM/application/vendor/laravel/framework/src/Illuminate/Pipeline/Pipeline.php(167): Fideloper\\Proxy\\TrustProxies->handle()
#54 /var/www/html/GROWCRM/GROWCRM/application/vendor/laravel/framework/src/Illuminate/Foundation/Http/Middleware/TransformsRequest.php(21): Illuminate\\Pipeline\\Pipeline->Illuminate\\Pipeline\\{closure}()
#55 /var/www/html/GROWCRM/GROWCRM/application/vendor/laravel/framework/src/Illuminate/Foundation/Http/Middleware/ConvertEmptyStringsToNull.php(31): Illuminate\\Foundation\\Http\\Middleware\\TransformsRequest->handle()
#56 /var/www/html/GROWCRM/GROWCRM/application/vendor/laravel/framework/src/Illuminate/Pipeline/Pipeline.php(167): Illuminate\\Foundation\\Http\\Middleware\\ConvertEmptyStringsToNull->handle()
#57 /var/www/html/GROWCRM/GROWCRM/application/vendor/laravel/framework/src/Illuminate/Foundation/Http/Middleware/TransformsRequest.php(21): Illuminate\\Pipeline\\Pipeline->Illuminate\\Pipeline\\{closure}()
#58 /var/www/html/GROWCRM/GROWCRM/application/vendor/laravel/framework/src/Illuminate/Foundation/Http/Middleware/TrimStrings.php(40): Illuminate\\Foundation\\Http\\Middleware\\TransformsRequest->handle()
#59 /var/www/html/GROWCRM/GROWCRM/application/vendor/laravel/framework/src/Illuminate/Pipeline/Pipeline.php(167): Illuminate\\Foundation\\Http\\Middleware\\TrimStrings->handle()
#60 /var/www/html/GROWCRM/GROWCRM/application/vendor/laravel/framework/src/Illuminate/Foundation/Http/Middleware/ValidatePostSize.php(27): Illuminate\\Pipeline\\Pipeline->Illuminate\\Pipeline\\{closure}()
#61 /var/www/html/GROWCRM/GROWCRM/application/vendor/laravel/framework/src/Illuminate/Pipeline/Pipeline.php(167): Illuminate\\Foundation\\Http\\Middleware\\ValidatePostSize->handle()
#62 /var/www/html/GROWCRM/GROWCRM/application/vendor/laravel/framework/src/Illuminate/Foundation/Http/Middleware/PreventRequestsDuringMaintenance.php(86): Illuminate\\Pipeline\\Pipeline->Illuminate\\Pipeline\\{closure}()
#63 /var/www/html/GROWCRM/GROWCRM/application/vendor/laravel/framework/src/Illuminate/Pipeline/Pipeline.php(167): Illuminate\\Foundation\\Http\\Middleware\\PreventRequestsDuringMaintenance->handle()
#64 /var/www/html/GROWCRM/GROWCRM/application/vendor/laravel/framework/src/Illuminate/Pipeline/Pipeline.php(103): Illuminate\\Pipeline\\Pipeline->Illuminate\\Pipeline\\{closure}()
#65 /var/www/html/GROWCRM/GROWCRM/application/vendor/laravel/framework/src/Illuminate/Foundation/Http/Kernel.php(142): Illuminate\\Pipeline\\Pipeline->then()
#66 /var/www/html/GROWCRM/GROWCRM/application/vendor/laravel/framework/src/Illuminate/Foundation/Http/Kernel.php(111): Illuminate\\Foundation\\Http\\Kernel->sendRequestThroughRouter()
#67 /var/www/html/GROWCRM/GROWCRM/index.php(92): Illuminate\\Foundation\\Http\\Kernel->handle()
#68 {main}
"} 
[2023-04-18 07:12:05] production.ERROR: the requested check is invalid {"process":"[permissions][lead]","0":"c51cf3a","function":"check","file":"LeadPermissions.php","line":57,"path":"/var/www/html/GROWCRM/GROWCRM/application/app/Permissions/LeadPermissions.php","check":"particiate"} 
[2023-04-20 13:01:47] production.ERROR: purchase license key not provided {"process":"[updates]","0":"725650d","function":"checkUpdates","file":"Updates.php","line":107,"path":"/var/www/html/GROWCRM/GROWCRM/application/app/Http/Controllers/Settings/Updates.php"} 
